##############################################################################################################################
# Test notes


wrong audio files for time capacitor

zombie puzzle thing on the wall has its image in [REMOVED] instead of the tools prop

hint notification sound may be too quiet

text is too difficult to read for some rooms, perhaps per-room text color.

crash occurred on admin side pertaining to prop connections; needs more robust error handling and console logger

sending multiple audio hints (specifically a spell chart bottle related hint) from both admins did crash

whole auto reset system feels messy/unclear

sync system makes it unfriendly for anyone else to create hints currently

ack system may not be in play at all, play audio hints doesn't seem to always be acknowledged or running when requested





 Traceback (most recent call last):
[KIOSK] File "C:\Users\PanIQ Vegas\Desktop\kiosk-2.0\kiosk\qt_overlay.py", line 2472, in show_victory_screen
[KIOSK] cls.hide_fullscreen_hint()
[KIOSK] File "C:\Users\PanIQ Vegas\Desktop\kiosk-2.0\kiosk\qt_overlay.py", line 528, in hide_fullscreen_hint
[KIOSK] cls.show_all_overlays()
[KIOSK] File "C:\Users\PanIQ Vegas\Desktop\kiosk-2.0\kiosk\qt_overlay.py", line 1798, in show_all_overlays
[KIOSK] cls.show_victory_screen()
[KIOSK] File "C:\Users\PanIQ Vegas\Desktop\kiosk-2.0\kiosk\qt_overlay.py", line 2508, in show_victory_screen
[KIOSK] print(f"[qt overlay] Unhandled exception in show_victory_screen: {e}")
[KIOSK] RecursionError: maximum recursion depth exceeded
[KIOSK] During handling of the above exception, another exception occurred:
[KIOSK] Traceback (most recent call last):
[KIOSK] File "C:\Users\PanIQ Vegas\Desktop\kiosk-2.0\kiosk\qt_overlay.py", line 2472, in show_victory_screen
[KIOSK] cls.hide_fullscreen_hint()
[KIOSK] File "C:\Users\PanIQ Vegas\Desktop\kiosk-2.0\kiosk\qt_overlay.py", line 528, in hide_fullscreen_hint
[KIOSK] cls.show_all_overlays()
[KIOSK] File "C:\Users\PanIQ Vegas\Desktop\kiosk-2.0\kiosk\qt_overlay.py", line 1798, in show_all_overlays
[KIOSK] cls.show_victory_screen()
[KIOSK] File "C:\Users\PanIQ Vegas\Desktop\kiosk-2.0\kiosk\qt_overlay.py", line 2509, in show_victory_screen
[KIOSK] traceback.print_exc()
[KIOSK] File "C:\Users\PanIQ Vegas\AppData\Local\Programs\Python\Python312\Lib\traceback.py", line 180, in print_exc
[KIOSK] print_exception(sys.exception(), limit=limit, file=file, chain=chain)
[KIOSK] File "C:\Users\PanIQ Vegas\AppData\Local\Programs\Python\Python312\Lib\traceback.py", line 124, in print_exception
[KIOSK] te = TracebackException(type(value), value, tb, limit=limit, compact=True)
[KIOSK] ^^^^^^^^^^^^^^^^^^^^^^^^^^^^^^^^^^^^^^^^^^^^^^^^^^^^^^^^^^^^^^^^^^^^^
[KIOSK] File "C:\Users\PanIQ Vegas\AppData\Local\Programs\Python\Python312\Lib\traceback.py", line 734, in __init__
[KIOSK] _walk_tb_with_full_positions(exc_traceback),
[KIOSK] ^^^^^^^^^^^^^^^^^^^^^^^^^^^^^^^^^^^^^^^^^^^
[KIOSK] RecursionError: maximum recursion depth exceeded
[KIOSK] During handling of the above exception, another exception occurred:
[KIOSK] Traceback (most recent call last):
[KIOSK] File "C:\Users\PanIQ Vegas\Desktop\kiosk-2.0\kiosk\qt_overlay.py", line 2472, in show_victory_screen
[KIOSK] cls.hide_fullscreen_hint()
[KIOSK] File "C:\Users\PanIQ Vegas\Desktop\kiosk-2.0\kiosk\qt_overlay.py", line 528, in hide_fullscreen_hint
[KIOSK] cls.show_all_overlays()
[KIOSK] File "C:\Users\PanIQ Vegas\Desktop\kiosk-2.0\kiosk\qt_overlay.py", line 1798, in show_all_overlays
[KIOSK] cls.show_victory_screen()
[KIOSK] File "C:\Users\PanIQ Vegas\Desktop\kiosk-2.0\kiosk\qt_overlay.py", line 2509, in show_victory_screen
[KIOSK] traceback.print_exc()
[KIOSK] File "C:\Users\PanIQ Vegas\AppData\Local\Programs\Python\Python312\Lib\traceback.py", line 180, in print_exc
[KIOSK] print_exception(sys.exception(), limit=limit, file=file, chain=chain)
[KIOSK] File "C:\Users\PanIQ Vegas\AppData\Local\Programs\Python\Python312\Lib\traceback.py", line 124, in print_exception
[KIOSK] te = TracebackException(type(value), value, tb, limit=limit, compact=True)
[KIOSK] ^^^^^^^^^^^^^^^^^^^^^^^^^^^^^^^^^^^^^^^^^^^^^^^^^^^^^^^^^^^^^^^^^^^^^
[KIOSK] File "C:\Users\PanIQ Vegas\AppData\Local\Programs\Python\Python312\Lib\traceback.py", line 733, in __init__
[KIOSK] self.stack = StackSummary._extract_from_extended_frame_gen(
[KIOSK] ^^^^^^^^^^^^^^^^^^^^^^^^^^^^^^^^^^^^^^^^^^^^^^
[KIOSK] File "C:\Users\PanIQ Vegas\AppData\Local\Programs\Python\Python312\Lib\traceback.py", line 438, in _extract_from_extended_frame_gen
[KIOSK] f.line
[KIOSK] File "C:\Users\PanIQ Vegas\AppData\Local\Programs\Python\Python312\Lib\traceback.py", line 323, in line
[KIOSK] self._line = linecache.getline(self.filename, self.lineno)
[KIOSK] ^^^^^^^^^^^^^^^^^^^^^^^^^^^^^^^^^^^^^^^^^^^^^
[KIOSK] File "C:\Users\PanIQ Vegas\AppData\Local\Programs\Python\Python312\Lib\linecache.py", line 30, in getline
[KIOSK] lines = getlines(filename, module_globals)
[KIOSK] ^^^^^^^^^^^^^^^^^^^^^^^^^^^^^^^^^^
[KIOSK] RecursionError: maximum recursion depth exceeded
[KIOSK] During handling of the above exception, another exception occurred:
[KIOSK] Traceback (most recent call last):
[KIOSK] File "C:\Users\PanIQ Vegas\Desktop\kiosk-2.0\kiosk\qt_overlay.py", line 2472, in show_victory_screen
[KIOSK] cls.hide_fullscreen_hint()
[KIOSK] File "C:\Users\PanIQ Vegas\Desktop\kiosk-2.0\kiosk\qt_overlay.py", line 528, in hide_fullscreen_hint
[KIOSK] cls.show_all_overlays()
[KIOSK] File "C:\Users\PanIQ Vegas\Desktop\kiosk-2.0\kiosk\qt_overlay.py", line 1798, in show_all_overlays
[KIOSK] cls.show_victory_screen()
[KIOSK] File "C:\Users\PanIQ Vegas\Desktop\kiosk-2.0\kiosk\qt_overlay.py", line 2509, in show_victory_screen
[KIOSK] traceback.print_exc()
[KIOSK] File "C:\Users\PanIQ Vegas\AppData\Local\Programs\Python\Python312\Lib\traceback.py", line 180, in print_exc
[KIOSK] print_exception(sys.exception(), limit=limit, file=file, chain=chain)
[KIOSK] File "C:\Users\PanIQ Vegas\AppData\Local\Programs\Python\Python312\Lib\traceback.py", line 124, in print_exception
[KIOSK] te = TracebackException(type(value), value, tb, limit=limit, compact=True)
[KIOSK] ^^^^^^^^^^^^^^^^^^^^^^^^^^^^^^^^^^^^^^^^^^^^^^^^^^^^^^^^^^^^^^^^^^^^^
[KIOSK] File "C:\Users\PanIQ Vegas\AppData\Local\Programs\Python\Python312\Lib\traceback.py", line 733, in __init__
[KIOSK] self.stack = StackSummary._extract_from_extended_frame_gen(
[KIOSK] ^^^^^^^^^^^^^^^^^^^^^^^^^^^^^^^^^^^^^^^^^^^^^^
[KIOSK] File "C:\Users\PanIQ Vegas\AppData\Local\Programs\Python\Python312\Lib\traceback.py", line 438, in _extract_from_extended_frame_gen
[KIOSK] f.line
[KIOSK] File "C:\Users\PanIQ Vegas\AppData\Local\Programs\Python\Python312\Lib\traceback.py", line 323, in line
[KIOSK] self._line = linecache.getline(self.filename, self.lineno)
[KIOSK] ^^^^^^^^^^^^^^^^^^^^^^^^^^^^^^^^^^^^^^^^^^^^^
[KIOSK] File "C:\Users\PanIQ Vegas\AppData\Local\Programs\Python\Python312\Lib\linecache.py", line 30, in getline
[KIOSK] lines = getlines(filename, module_globals)
[KIOSK] ^^^^^^^^^^^^^^^^^^^^^^^^^^^^^^^^^^
[KIOSK] File "C:\Users\PanIQ Vegas\AppData\Local\Programs\Python\Python312\Lib\linecache.py", line 46, in getlines
[KIOSK] return updatecache(filename, module_globals)
[KIOSK] ^^^^^^^^^^^^^^^^^^^^^^^^^^^^^^^^^^^^^
[KIOSK] File "C:\Users\PanIQ Vegas\AppData\Local\Programs\Python\Python312\Lib\linecache.py", line 138, in updatecache
[KIOSK] with tokenize.open(fullname) as fp:
[KIOSK] ^^^^^^^^^^^^^^^^^^^^^^^
[KIOSK] File "C:\Users\PanIQ Vegas\AppData\Local\Programs\Python\Python312\Lib\tokenize.py", line 451, in open
[KIOSK] encoding, lines = detect_encoding(buffer.readline)
[KIOSK] ^^^^^^^^^^^^^^^^^^^^^^^^^^^^^^^^
[KIOSK] RecursionError: maximum recursion depth exceeded
[KIOSK] [qt overlay] Warning: No UI instance found to call restore_hint_view.
[KIOSK] [qt overlay] Victory screen shown.

##############################################################################################################################
# beta to do

auto screenshot every 10 sec when not viewing video

timer should still be visible at game end

tap to close hint, instead opening image automatically on reception with text below it?

mirror should be a cousin prop in haunted

restart app and restart computer as watchdog commands

bug reporter for users

film video solutions

##############################################################################################################################
# todo

watchdog should remember some info to pass back to the kiosk when relaunching to ensure smooth revival
    badly needs to notify gm upon crash

set-in-stone ordering of rooms in top list

increase received audio sample volume for soundcheck

times touched screen stat

"switch sides" button for prop control

watchdog send errors to admin

"currently displayed hint"
"please select nudge frequency"
auto create folders for hint contents

reboot kiosk application (watchdog command if it listens to message_handler) (or probably listen for such commands as though it were m_h)

rebooter added to kiosk app

make image viewing overlaying everything instead of hiding elements

finish admin_interface_builder encapsulation
    send_hint and clear_manual_hint are still being used directly from admin_interface_builder instead of hint_functions

technician app (e.g "finish all" button)
    play intro button
    reset ALLLLLL props
    kiosk restarter
    soundcheck functionality

##############################################################################################################################
# known bugs

mqtt connections get crippled while running file sync

admin application instability resulting in/caused by mqtt disconnect codes 16 and 7: paho codes
    MQTT_ERR_ACL_DENIED = 12
    MQTT_ERR_AGAIN = -1
    MQTT_ERR_AUTH = 11
    **MQTT_ERR_CONN_LOST = 7
    MQTT_ERR_CONN_REFUSED = 5
    MQTT_ERR_ERRNO = 14
    MQTT_ERR_INVAL = 3
    **MQTT_ERR_KEEPALIVE = 16
    MQTT_ERR_NOMEM = 1
    MQTT_ERR_NOT_FOUND = 6
    MQTT_ERR_NOT_SUPPORTED = 10
    MQTT_ERR_NO_CONN = 4
    MQTT_ERR_PAYLOAD_SIZE = 9
    MQTT_ERR_PROTOCOL = 2
    MQTT_ERR_QUEUE_SIZE = 15
    MQTT_ERR_SUCCESS = 0
    MQTT_ERR_TLS = 8¶
    MQTT_ERR_UNKNOWN = 13

    

##############################################################################################################################
# ambitious extra ideas:

blackout screen button for haunted
refill cylinders button
"create popout prop control" (for controlling numerous rooms)
add ways for game masters to enjoyably interact with guests
xyz finished their game (instead of generic victory sound)
kiosk relaunch after sync finish
reset props, reset room (runs reset all + reset kiosk)
windows scaling detection, not having to rotate to landscape
periodic setting of casino/morning after according to room?
"wave back" button
log video solution usage to discourage excessive use
make "reset kiosk" a reliable UI debugger somehow
save props' status for blackbox, delete save upon load
"enable drink menu" by default on
dark theme
hint count on THEIR side
"your host/gamemaster's name" shown at victory/loss(?) screen
LLM translator call
AI generated text hint based on room state
announce to lobby: room states for automatic standbys/room victory/out of time 
mqtt LEDs for GMs to point out items (checkbox on hints, available or not based on "has_light" flag in prop naming json)
kiosk responds to prop finishes with vfx
dark theme
profile creation,
profile deletion (admin only)
save hint to public (usable by all profiles, shown what profile made it, save to own private profile)
save hint to private (local to profile)
save hint to global/default (admin only)
set hint color

##############################################################################################################################

prop monitoring functionality prompt:

For now, on the admin side, it need only print every message it receives from the kiosk, but it will only receive such messages when it has asked the kiosk for them.
So, it sends a message to kiosk message handler, and that tells message_handler to tell prop_data_monitor to gather a copy of all the data and send via networking.
it will be up to the admin's network_broadcast_handler to receive and parse this data, again, but that's later and for now it will just print.
The admin will have a file which will contain all of the IPs that the kiosk will need to report its latest data on, so this info will be included in the message sent via message_handler.
Please examine the structure of prop_name_mapping.json. Each item will have added to it (if necessary; some items will not have an "ip" property) "ip". So when admin requests data on props, it will pull all the IPs from that room's props based on prop_name_mapping.json.

##############################################################################################################################

Video Solutions to film

Casino
    Hotel
    Lamp
    Weight Game
    Paintings
    Shelf Trophies
    Buzzwire
    Planting Bombs
    Computer
    Drawers
Wizard
    Knocking Chest
    Spell Chart
    Chair
    Code Panel
    Planets
    Fireplace
    Rod Game
    Fart Owl
    Magic Shelf
    Potion Pot
Haunted
    Rope
    Symbol Maze
    Yellow Puzzle
    Sun Dial
    Diary/Cross
    Candles
    Vanity Photos
    Family Portrait (+ blacklight)
Zombie
    Tools
    Bench Lights
    Wagon Wheel
    TV
    Cables Box
    Zombie Loops
    Motorcycle
Atlantis
    Pickaxes
    Dynamite
    Stone Pieces (+ vase)
    Door
    Light Maze
    Floor Panels
    Levers
    Color Buttons
    Cryptex
    Harp
    Pyramid
    Laser Crown
    Trident
Time Machine
    Professor doors
    Clock
    Desk Fan
    Cylinders (+skull button)
    Inverse Vault
    Wall Valves
    Footprints
    Color Prism
    Wall Ball
    Desk Ball
    Calculometer
    Control Panel
    Ignition
    Time Capacitor